<?xml version="1.0" encoding="UTF-8"?>
<!-- Generated by org.testng.reporters.JUnitReportReporter -->
<testsuite hostname="USBLRNKHARVI1" failures="0" tests="1" name="com.Learning_Framework_Project.smoke.Loginsuccessful" time="20.969" errors="0" timestamp="18 Aug 2018 03:37:23 GMT" skipped="0">
  <testcase classname="com.Learning_Framework_Project.smoke.Loginsuccessful" name="loginsucess_scenario" time="20.969"/>
</testsuite> <!-- com.Learning_Framework_Project.smoke.Loginsuccessful -->
