<?xml version="1.0" encoding="UTF-8"?>
<!-- Generated by org.testng.reporters.JUnitReportReporter -->
<testsuite hostname="USBLRNKHARVI1" failures="0" tests="1" name="com.Learning_Framework_Project.smoke.Framework_SmokeTest" time="45.125" errors="0" timestamp="16 Aug 2018 10:15:31 GMT" skipped="0">
  <testcase classname="com.Learning_Framework_Project.smoke.Framework_SmokeTest" name="testApp" time="45.125"/>
</testsuite> <!-- com.Learning_Framework_Project.smoke.Framework_SmokeTest -->
